<?xml version="1.0" encoding="UTF-8"?>
<testng-results ignored="0" total="2" passed="2" failed="0" skipped="0">
  <reporter-output>
  </reporter-output>
  <suite started-at="2019-07-08T11:30:45Z" name="Default suite" finished-at="2019-07-08T11:31:06Z" duration-ms="21553">
    <groups>
    </groups>
    <test started-at="2019-07-08T11:30:45Z" name="Default test" finished-at="2019-07-08T11:31:06Z" duration-ms="21553">
      <class name="demoProject.AlertHandling">
        <test-method is-config="true" signature="Setup()[pri:0, instance:demoProject.AlertHandling@41ee392b]" started-at="2019-07-08T11:30:45Z" name="Setup" finished-at="2019-07-08T11:30:46Z" duration-ms="1226" status="PASS">
          <reporter-output>
          </reporter-output>
        </test-method> <!-- Setup -->
        <test-method signature="handleAlert()[pri:0, instance:demoProject.AlertHandling@41ee392b]" started-at="2019-07-08T11:30:46Z" name="handleAlert" finished-at="2019-07-08T11:31:06Z" duration-ms="20194" status="PASS">
          <reporter-output>
          </reporter-output>
        </test-method> <!-- handleAlert -->
        <test-method signature="handleConfirmpop()[pri:2, instance:demoProject.AlertHandling@41ee392b]" started-at="2019-07-08T11:31:06Z" name="handleConfirmpop" finished-at="2019-07-08T11:31:06Z" duration-ms="91" status="PASS">
          <reporter-output>
          </reporter-output>
        </test-method> <!-- handleConfirmpop -->
        <test-method is-config="true" signature="tearDown()[pri:0, instance:demoProject.AlertHandling@41ee392b]" started-at="2019-07-08T11:31:06Z" name="tearDown" finished-at="2019-07-08T11:31:06Z" duration-ms="14" status="PASS">
          <reporter-output>
          </reporter-output>
        </test-method> <!-- tearDown -->
      </class> <!-- demoProject.AlertHandling -->
    </test> <!-- Default test -->
  </suite> <!-- Default suite -->
</testng-results>
